<?xml version="1.0" encoding="UTF-8"?>
<!-- Generated by org.testng.reporters.JUnitXMLReporter -->
<testsuite ignored="0" hostname="DESKTOP-FDOUFUJ" failures="0" tests="3" name="Default test" time="0.436" errors="0" timestamp="2025-05-15T11:18:35 IST">
  <testcase classname="testngsessions.TestNgFeatures" name="addToCart" time="0.07"/>
  <testcase classname="testngsessions.TestNgFeatures" name="paymentPay" time="0.005"/>
  <testcase classname="testngsessions.TestNgFeatures" name="searchText" time="0.016"/>
</testsuite> <!-- Default test -->
