<?xml version="1.0" encoding="UTF-8"?>
<testng-results ignored="0" total="3" passed="3" failed="0" skipped="0">
  <reporter-output>
  </reporter-output>
  <suite started-at="2025-05-15T11:18:34 IST" name="Default suite" finished-at="2025-05-15T11:18:35 IST" duration-ms="436">
    <groups>
    </groups>
    <test started-at="2025-05-15T11:18:34 IST" name="Default test" finished-at="2025-05-15T11:18:35 IST" duration-ms="436">
      <class name="testngsessions.TestNgFeatures">
        <test-method is-config="true" signature="DBConnection()[pri:0, instance:testngsessions.TestNgFeatures@ba54932]" started-at="2025-05-15T11:18:34 IST" name="DBConnection" finished-at="2025-05-15T11:18:34 IST" duration-ms="42" status="PASS">
          <reporter-output>
          </reporter-output>
        </test-method> <!-- DBConnection -->
        <test-method is-config="true" signature="createuser()[pri:0, instance:testngsessions.TestNgFeatures@ba54932]" started-at="2025-05-15T11:18:34 IST" name="createuser" finished-at="2025-05-15T11:18:34 IST" duration-ms="2" status="PASS">
          <reporter-output>
          </reporter-output>
        </test-method> <!-- createuser -->
        <test-method is-config="true" signature="openBrowser()[pri:0, instance:testngsessions.TestNgFeatures@ba54932]" started-at="2025-05-15T11:18:34 IST" name="openBrowser" finished-at="2025-05-15T11:18:34 IST" duration-ms="1" status="PASS">
          <reporter-output>
          </reporter-output>
        </test-method> <!-- openBrowser -->
        <test-method is-config="true" signature="brforeMethod()[pri:0, instance:testngsessions.TestNgFeatures@ba54932]" started-at="2025-05-15T11:18:35 IST" name="brforeMethod" finished-at="2025-05-15T11:18:35 IST" duration-ms="1" status="PASS">
          <reporter-output>
          </reporter-output>
        </test-method> <!-- brforeMethod -->
        <test-method signature="addToCart()[pri:0, instance:testngsessions.TestNgFeatures@ba54932]" started-at="2025-05-15T11:18:35 IST" name="addToCart" finished-at="2025-05-15T11:18:35 IST" duration-ms="70" status="PASS">
          <reporter-output>
          </reporter-output>
        </test-method> <!-- addToCart -->
        <test-method is-config="true" signature="afterMethod()[pri:0, instance:testngsessions.TestNgFeatures@ba54932]" started-at="2025-05-15T11:18:35 IST" name="afterMethod" finished-at="2025-05-15T11:18:35 IST" duration-ms="0" status="PASS">
          <reporter-output>
          </reporter-output>
        </test-method> <!-- afterMethod -->
        <test-method is-config="true" signature="brforeMethod()[pri:0, instance:testngsessions.TestNgFeatures@ba54932]" started-at="2025-05-15T11:18:35 IST" name="brforeMethod" finished-at="2025-05-15T11:18:35 IST" duration-ms="1" status="PASS">
          <reporter-output>
          </reporter-output>
        </test-method> <!-- brforeMethod -->
        <test-method signature="paymentPay()[pri:0, instance:testngsessions.TestNgFeatures@ba54932]" started-at="2025-05-15T11:18:35 IST" name="paymentPay" finished-at="2025-05-15T11:18:35 IST" duration-ms="5" status="PASS">
          <reporter-output>
          </reporter-output>
        </test-method> <!-- paymentPay -->
        <test-method is-config="true" signature="afterMethod()[pri:0, instance:testngsessions.TestNgFeatures@ba54932]" started-at="2025-05-15T11:18:35 IST" name="afterMethod" finished-at="2025-05-15T11:18:35 IST" duration-ms="1" status="PASS">
          <reporter-output>
          </reporter-output>
        </test-method> <!-- afterMethod -->
        <test-method is-config="true" signature="brforeMethod()[pri:0, instance:testngsessions.TestNgFeatures@ba54932]" started-at="2025-05-15T11:18:35 IST" name="brforeMethod" finished-at="2025-05-15T11:18:35 IST" duration-ms="2" status="PASS">
          <reporter-output>
          </reporter-output>
        </test-method> <!-- brforeMethod -->
        <test-method signature="searchText()[pri:0, instance:testngsessions.TestNgFeatures@ba54932]" started-at="2025-05-15T11:18:35 IST" name="searchText" finished-at="2025-05-15T11:18:35 IST" duration-ms="16" status="PASS">
          <reporter-output>
          </reporter-output>
        </test-method> <!-- searchText -->
        <test-method is-config="true" signature="afterMethod()[pri:0, instance:testngsessions.TestNgFeatures@ba54932]" started-at="2025-05-15T11:18:35 IST" name="afterMethod" finished-at="2025-05-15T11:18:35 IST" duration-ms="0" status="PASS">
          <reporter-output>
          </reporter-output>
        </test-method> <!-- afterMethod -->
        <test-method is-config="true" signature="closedBrowser()[pri:0, instance:testngsessions.TestNgFeatures@ba54932]" started-at="2025-05-15T11:18:35 IST" name="closedBrowser" finished-at="2025-05-15T11:18:35 IST" duration-ms="0" status="PASS">
          <reporter-output>
          </reporter-output>
        </test-method> <!-- closedBrowser -->
        <test-method is-config="true" signature="Deleteeuser()[pri:0, instance:testngsessions.TestNgFeatures@ba54932]" started-at="2025-05-15T11:18:35 IST" name="Deleteeuser" finished-at="2025-05-15T11:18:35 IST" duration-ms="3" status="PASS">
          <reporter-output>
          </reporter-output>
        </test-method> <!-- Deleteeuser -->
        <test-method is-config="true" signature="closeDBConnection()[pri:0, instance:testngsessions.TestNgFeatures@ba54932]" started-at="2025-05-15T11:18:35 IST" name="closeDBConnection" finished-at="2025-05-15T11:18:35 IST" duration-ms="0" status="PASS">
          <reporter-output>
          </reporter-output>
        </test-method> <!-- closeDBConnection -->
      </class> <!-- testngsessions.TestNgFeatures -->
    </test> <!-- Default test -->
  </suite> <!-- Default suite -->
</testng-results>
