<?xml version="1.0" encoding="UTF-8"?>
<!-- Generated by org.testng.reporters.JUnitReportReporter -->
<testsuite hostname="DESKTOP-FDOUFUJ" failures="0" tests="3" name="testngsessions.TestNgFeatures" time="0.096" errors="0" timestamp="2025-05-15T11:18:35 IST" skipped="0">
  <testcase classname="testngsessions.TestNgFeatures" name="paymentPay" time="0.007"/>
  <testcase classname="testngsessions.TestNgFeatures" name="searchText" time="0.018"/>
  <testcase classname="testngsessions.TestNgFeatures" name="addToCart" time="0.071"/>
</testsuite> <!-- testngsessions.TestNgFeatures -->
